<?xml version="1.0" encoding="UTF-8"?>
<!-- Generated by org.testng.reporters.JUnitReportReporter -->
<testsuite hostname="DESKTOP-OEOPJA5" failures="0" tests="3" name="TestRunner.SampletestNg" time="22.421" errors="0" timestamp="2025-03-12T11:50:52 IST" skipped="0">
  <testcase classname="TestRunner.SampletestNg" name="runScenario" time="7.781"/>
  <testcase classname="TestRunner.SampletestNg" name="runScenario" time="7.099"/>
  <testcase classname="TestRunner.SampletestNg" name="runScenario" time="7.541"/>
</testsuite> <!-- TestRunner.SampletestNg -->
