<?xml version="1.0" encoding="UTF-8"?>
<!-- Generated by org.testng.reporters.JUnitReportReporter -->
<testsuite hostname="DESKTOP-OEOPJA5" failures="0" tests="1" name="TestRunner.SampletestNg" time="11.533" errors="0" timestamp="2025-03-11T10:13:03 IST" skipped="0">
  <testcase classname="TestRunner.SampletestNg" name="runScenario" time="11.533"/>
</testsuite> <!-- TestRunner.SampletestNg -->
